<?xml version="1.0" encoding="UTF-8"?>
<!-- Generated by org.testng.reporters.JUnitXMLReporter -->
<testsuite hostname="DESKTOP-1JPHNK3" ignored="2" tests="2" failures="0" timestamp="2022-11-20T23:25:25 IST" time="11.644" errors="0">
  <testcase name="testEmailAddressEditProfile" time="7.156" classname="TestEditProfile"/>
  <testcase name="verifyLogoutFunctionality" time="4.446" classname="Testlogout"/>
  <testcase name="@AfterSuite tearDown" time="0.0" classname="WebPages.TestSetup">
    <ignored/>
  </testcase> <!-- @AfterSuite tearDown -->
  <testcase name="@BeforeSuite setUp" time="0.0" classname="WebPages.TestSetup">
    <ignored/>
  </testcase> <!-- @BeforeSuite setUp -->
</testsuite>
