<?xml version="1.0" encoding="UTF-8"?>
<testng-results skipped="0" failed="0" ignored="2" total="4" passed="2">
  <reporter-output>
  </reporter-output>
  <suite name="All Test Suite" duration-ms="11644" started-at="2022-11-20T23:25:13 IST" finished-at="2022-11-20T23:25:25 IST">
    <groups>
    </groups>
    <test name="Regression test" duration-ms="11644" started-at="2022-11-20T23:25:13 IST" finished-at="2022-11-20T23:25:25 IST">
      <class name="TestEditProfile">
        <test-method status="PASS" signature="setUp()[pri:0, instance:TestEditProfile@724af044]" name="setUp" is-config="true" duration-ms="5886" started-at="2022-11-20T23:25:07 IST" finished-at="2022-11-20T23:25:13 IST">
          <reporter-output>
          </reporter-output>
        </test-method> <!-- setUp -->
        <test-method status="PASS" signature="testEmailAddressEditProfile()[pri:0, instance:TestEditProfile@724af044]" name="testEmailAddressEditProfile" duration-ms="7156" started-at="2022-11-20T23:25:13 IST" description="Verify user should able to see email address pre filled on edit profile page" finished-at="2022-11-20T23:25:20 IST">
          <reporter-output>
          </reporter-output>
        </test-method> <!-- testEmailAddressEditProfile -->
        <test-method status="PASS" signature="tearDown()[pri:0, instance:TestEditProfile@724af044]" name="tearDown" is-config="true" duration-ms="839" started-at="2022-11-20T23:25:25 IST" finished-at="2022-11-20T23:25:26 IST">
          <reporter-output>
          </reporter-output>
        </test-method> <!-- tearDown -->
      </class> <!-- TestEditProfile -->
      <class name="Testlogout">
        <test-method status="PASS" signature="verifyLogoutFunctionality()[pri:0, instance:Testlogout@4678c730]" name="verifyLogoutFunctionality" duration-ms="4446" started-at="2022-11-20T23:25:20 IST" description="Verify logout functionality from app" finished-at="2022-11-20T23:25:25 IST">
          <reporter-output>
          </reporter-output>
        </test-method> <!-- verifyLogoutFunctionality -->
      </class> <!-- Testlogout -->
    </test> <!-- Regression test -->
  </suite> <!-- All Test Suite -->
</testng-results>
